2025-06-16 00:07:02,060 - INFO - Created new CSV file: super_metro_feedback.csv with headers.
2025-06-16 00:07:02,060 - INFO - Super Metro Feedback App started.
2025-06-16 00:07:06,293 - INFO - Feedback received: 'Good' at 2025-06-16 00:07:06
2025-06-16 00:07:06,296 - INFO - Feedback successfully written to super_metro_feedback.csv
2025-06-16 00:07:09,042 - INFO - Thank you screen shown. Resetting in 3.0 seconds.
2025-06-16 00:07:10,574 - INFO - App state reset. Ready for next feedback.
2025-06-16 00:07:13,047 - INFO - Feedback received: 'Excellent' at 2025-06-16 00:07:13
2025-06-16 00:07:13,052 - INFO - Feedback successfully written to super_metro_feedback.csv
2025-06-16 00:07:14,819 - INFO - Thank you screen shown. Resetting in 3.0 seconds.
2025-06-16 00:07:16,333 - INFO - App state reset. Ready for next feedback.
2025-06-16 00:07:16,721 - INFO - Feedback received: 'Bad' at 2025-06-16 00:07:16
2025-06-16 00:07:16,735 - INFO - Feedback successfully written to super_metro_feedback.csv
2025-06-16 00:07:18,511 - INFO - Thank you screen shown. Resetting in 3.0 seconds.
2025-06-16 00:07:20,035 - INFO - App state reset. Ready for next feedback.
2025-06-16 00:07:22,149 - INFO - Feedback received: 'Terrible' at 2025-06-16 00:07:22
2025-06-16 00:07:22,152 - INFO - Feedback successfully written to super_metro_feedback.csv
2025-06-16 00:07:23,913 - INFO - Thank you screen shown. Resetting in 3.0 seconds.
2025-06-16 00:07:25,432 - INFO - App state reset. Ready for next feedback.
2025-06-16 00:07:26,743 - INFO - Feedback received: 'Bad' at 2025-06-16 00:07:26
2025-06-16 00:07:26,746 - INFO - Feedback successfully written to super_metro_feedback.csv
2025-06-16 00:07:28,466 - INFO - Thank you screen shown. Resetting in 3.0 seconds.
2025-06-16 00:07:29,980 - INFO - App state reset. Ready for next feedback.
2025-06-16 00:07:56,315 - INFO - Feedback received: 'Excellent' at 2025-06-16 00:07:56
2025-06-16 00:07:56,318 - INFO - Feedback successfully written to super_metro_feedback.csv
2025-06-16 00:07:58,050 - INFO - Thank you screen shown. Resetting in 3.0 seconds.
2025-06-16 00:07:59,577 - INFO - App state reset. Ready for next feedback.
2025-06-16 00:08:01,041 - INFO - Feedback received: 'Good' at 2025-06-16 00:08:01
2025-06-16 00:08:01,043 - INFO - Feedback successfully written to super_metro_feedback.csv
2025-06-16 00:08:02,771 - INFO - Thank you screen shown. Resetting in 3.0 seconds.
2025-06-16 00:08:04,289 - INFO - App state reset. Ready for next feedback.
2025-06-16 00:08:08,641 - INFO - Feedback received: 'Neutral' at 2025-06-16 00:08:08
2025-06-16 00:08:08,643 - INFO - Feedback successfully written to super_metro_feedback.csv
2025-06-16 00:08:10,437 - INFO - Thank you screen shown. Resetting in 3.0 seconds.
2025-06-16 00:08:11,951 - INFO - App state reset. Ready for next feedback.
2025-06-16 00:08:13,387 - INFO - Feedback received: 'Excellent' at 2025-06-16 00:08:13
2025-06-16 00:08:13,389 - INFO - Feedback successfully written to super_metro_feedback.csv
2025-06-16 00:08:15,118 - INFO - Thank you screen shown. Resetting in 3.0 seconds.
2025-06-16 00:08:16,634 - INFO - App state reset. Ready for next feedback.
2025-06-16 00:08:18,406 - INFO - Feedback received: 'Good' at 2025-06-16 00:08:18
2025-06-16 00:08:18,408 - INFO - Feedback successfully written to super_metro_feedback.csv
2025-06-16 00:08:20,132 - INFO - Thank you screen shown. Resetting in 3.0 seconds.
2025-06-16 00:08:21,648 - INFO - App state reset. Ready for next feedback.
2025-06-16 00:09:23,224 - INFO - Super Metro Feedback App closed.
2025-06-16 00:32:18,757 - INFO - CSV file super_metro_feedback.csv already exists. Appending to it.
2025-06-16 00:32:18,758 - INFO - Super Metro Feedback App started.
2025-06-16 00:32:25,546 - INFO - Feedback received: 'Excellent' at 2025-06-16 00:32:25
2025-06-16 00:32:25,548 - INFO - Feedback successfully written to super_metro_feedback.csv
2025-06-16 00:32:27,975 - INFO - Thank you screen shown. Resetting in 3.0 seconds.
2025-06-16 00:32:29,507 - INFO - App state reset. Ready for next feedback.
2025-06-16 00:32:37,064 - INFO - Feedback received: 'Excellent' at 2025-06-16 00:32:37
2025-06-16 00:32:37,066 - INFO - Feedback successfully written to super_metro_feedback.csv
2025-06-16 00:32:38,793 - INFO - Thank you screen shown. Resetting in 3.0 seconds.
2025-06-16 00:32:40,319 - INFO - App state reset. Ready for next feedback.
2025-06-16 00:32:40,544 - INFO - Feedback received: 'Excellent' at 2025-06-16 00:32:40
2025-06-16 00:32:40,547 - INFO - Feedback successfully written to super_metro_feedback.csv
2025-06-16 00:32:42,265 - INFO - Thank you screen shown. Resetting in 3.0 seconds.
2025-06-16 00:32:43,794 - INFO - App state reset. Ready for next feedback.
2025-06-16 00:32:47,560 - INFO - Feedback received: 'Good' at 2025-06-16 00:32:47
2025-06-16 00:32:47,563 - INFO - Feedback successfully written to super_metro_feedback.csv
2025-06-16 00:32:49,342 - INFO - Thank you screen shown. Resetting in 3.0 seconds.
2025-06-16 00:32:50,858 - INFO - App state reset. Ready for next feedback.
2025-06-16 00:32:55,859 - INFO - Super Metro Feedback App closed.
2025-06-16 00:40:21,617 - INFO - CSV file super_metro_feedback.csv already exists. Appending to it.
2025-06-16 00:40:21,618 - INFO - Super Metro Feedback App started.
2025-06-16 00:40:23,251 - INFO - Feedback received from 'KDE XX23': 'Excellent' at 2025-06-16 00:40:23
2025-06-16 00:40:23,254 - INFO - Feedback successfully written to super_metro_feedback.csv
2025-06-16 00:40:25,479 - INFO - Thank you screen shown. Resetting in 3.0 seconds.
2025-06-16 00:40:27,018 - INFO - App state reset. Ready for next feedback.
2025-06-16 00:40:27,263 - INFO - Feedback received from 'KDE XX23': 'Good' at 2025-06-16 00:40:27
2025-06-16 00:40:27,265 - INFO - Feedback successfully written to super_metro_feedback.csv
2025-06-16 00:40:29,030 - INFO - Thank you screen shown. Resetting in 3.0 seconds.
2025-06-16 00:40:30,551 - INFO - App state reset. Ready for next feedback.
2025-06-16 00:40:37,876 - INFO - Feedback received from 'KDE XX23': 'Bad' at 2025-06-16 00:40:37
2025-06-16 00:40:37,879 - INFO - Feedback successfully written to super_metro_feedback.csv
2025-06-16 00:40:39,646 - INFO - Thank you screen shown. Resetting in 3.0 seconds.
2025-06-16 00:40:41,171 - INFO - App state reset. Ready for next feedback.
2025-06-16 00:40:49,103 - INFO - Feedback received from 'KDE XX23': 'Excellent' at 2025-06-16 00:40:49
2025-06-16 00:40:49,105 - INFO - Feedback successfully written to super_metro_feedback.csv
2025-06-16 00:40:50,837 - INFO - Thank you screen shown. Resetting in 3.0 seconds.
2025-06-16 00:40:52,369 - INFO - App state reset. Ready for next feedback.
2025-06-16 00:43:26,108 - INFO - CSV file super_metro_feedback.csv already exists. Appending to it.
2025-06-16 00:43:26,108 - INFO - Super Metro Feedback App started.
2025-06-16 00:43:28,221 - INFO - Feedback received from 'KDE XX23': 'Excellent' at 2025-06-16 00:43:28
2025-06-16 00:43:28,223 - INFO - Feedback successfully written to super_metro_feedback.csv
2025-06-16 00:43:30,389 - INFO - Thank you screen shown. Resetting in 3.0 seconds.
2025-06-16 00:43:31,921 - INFO - App state reset. Ready for next feedback.
2025-06-16 00:43:33,745 - INFO - Feedback received from 'KDE XX23': 'Excellent' at 2025-06-16 00:43:33
2025-06-16 00:43:33,748 - INFO - Feedback successfully written to super_metro_feedback.csv
2025-06-16 00:43:35,470 - INFO - Thank you screen shown. Resetting in 3.0 seconds.
2025-06-16 00:43:37,001 - INFO - App state reset. Ready for next feedback.
2025-06-16 00:43:42,740 - INFO - Feedback received from 'KDE XX23': 'Excellent' at 2025-06-16 00:43:42
2025-06-16 00:43:42,743 - INFO - Feedback successfully written to super_metro_feedback.csv
2025-06-16 00:43:44,468 - INFO - Thank you screen shown. Resetting in 3.0 seconds.
2025-06-16 00:43:45,994 - INFO - App state reset. Ready for next feedback.
2025-06-16 00:43:47,573 - INFO - Feedback received from 'KDE XX23': 'Excellent' at 2025-06-16 00:43:47
2025-06-16 00:43:47,576 - INFO - Feedback successfully written to super_metro_feedback.csv
2025-06-16 00:43:49,298 - INFO - Thank you screen shown. Resetting in 3.0 seconds.
2025-06-16 00:43:50,828 - INFO - App state reset. Ready for next feedback.
2025-06-16 00:45:14,939 - INFO - CSV file super_metro_feedback.csv already exists. Appending to it.
2025-06-16 00:45:14,939 - INFO - Super Metro Feedback App started.
2025-06-16 00:45:16,551 - INFO - Feedback received from 'KDE 569D': 'Good' at 2025-06-16 00:45:16
2025-06-16 00:45:16,553 - INFO - Feedback successfully written to super_metro_feedback.csv
2025-06-16 00:45:18,789 - INFO - Thank you screen shown. Resetting in 3.0 seconds.
2025-06-16 00:45:20,383 - INFO - App state reset. Ready for next feedback.
2025-06-16 00:45:46,152 - INFO - Super Metro Feedback App closed.
2025-06-16 00:45:47,400 - INFO - Super Metro Feedback App closed.
2025-06-16 00:45:52,943 - INFO - CSV file super_metro_feedback.csv already exists. Appending to it.
2025-06-16 00:45:52,943 - INFO - Super Metro Feedback App started.
2025-06-16 00:45:56,282 - INFO - Feedback received from 'KDE 569D': 'Excellent' at 2025-06-16 00:45:56
2025-06-16 00:45:56,284 - INFO - Feedback successfully written to super_metro_feedback.csv
2025-06-16 00:45:58,508 - INFO - Thank you screen shown. Resetting in 3.0 seconds.
2025-06-16 00:46:00,040 - INFO - App state reset. Ready for next feedback.
2025-06-16 00:46:03,697 - INFO - Feedback received from 'KDE 569D': 'Good' at 2025-06-16 00:46:03
2025-06-16 00:46:03,700 - INFO - Feedback successfully written to super_metro_feedback.csv
2025-06-16 00:46:05,468 - INFO - Thank you screen shown. Resetting in 3.0 seconds.
2025-06-16 00:46:06,985 - INFO - App state reset. Ready for next feedback.
2025-06-16 00:46:08,453 - INFO - Feedback received from 'KDE 569D': 'Excellent' at 2025-06-16 00:46:08
2025-06-16 00:46:08,455 - INFO - Feedback successfully written to super_metro_feedback.csv
2025-06-16 00:46:10,172 - INFO - Thank you screen shown. Resetting in 3.0 seconds.
2025-06-16 00:46:11,695 - INFO - App state reset. Ready for next feedback.
